
*** Running vivado
    with args -log Lab2_Block_Design_auto_pc_3.vds -m64 -product Vivado -mode batch -messageDb vivado.pb -notrace -source Lab2_Block_Design_auto_pc_3.tcl



****** Vivado v2023.1 (64-bit)
  **** SW Build 3865809 on Sun May  7 15:05:29 MDT 2023
  **** IP Build 3864474 on Sun May  7 20:36:21 MDT 2023
  **** SharedData Build 3865790 on Sun May 07 13:33:03 MDT 2023
    ** Copyright 1986-2022 Xilinx, Inc. All Rights Reserved.
    ** Copyright 2022-2023 Advanced Micro Devices, Inc. All Rights Reserved.

source Lab2_Block_Design_auto_pc_3.tcl -notrace
create_project: Time (s): cpu = 00:00:06 ; elapsed = 00:00:07 . Memory (MB): peak = 911.316 ; gain = 158.887
INFO: [IP_Flow 19-234] Refreshing IP repositories
INFO: [IP_Flow 19-1700] Loaded user IP repository 'f:/Education/FPGA_Labs/Lab3/led_ip'.
INFO: [IP_Flow 19-2313] Loaded Vivado IP repository 'F:/Xilinx/Vitis/Vivado/2023.1/data/ip'.
INFO: [IP_Flow 19-6924] IPCACHE: Running cache check for IP inst: Lab2_Block_Design_auto_pc_3
Command: synth_design -top Lab2_Block_Design_auto_pc_3 -part xc7z020clg484-1 -incremental_mode off -mode out_of_context
Starting synth_design
Attempting to get a license for feature 'Synthesis' and/or device 'xc7z020'
INFO: [Common 17-349] Got license for feature 'Synthesis' and/or device 'xc7z020'
INFO: [Device 21-403] Loading part xc7z020clg484-1
INFO: [Synth 8-7079] Multithreading enabled for synth_design using a maximum of 2 processes.
INFO: [Synth 8-7078] Launching helper process for spawning children vivado processes
INFO: [Synth 8-7075] Helper process launched with PID 9952
---------------------------------------------------------------------------------
Starting RTL Elaboration : Time (s): cpu = 00:00:07 ; elapsed = 00:00:08 . Memory (MB): peak = 1773.738 ; gain = 410.188
---------------------------------------------------------------------------------
INFO: [Synth 8-6157] synthesizing module 'Lab2_Block_Design_auto_pc_3' [f:/Education/FPGA_Labs/Lab3/Lab3.gen/sources_1/bd/Lab2_Block_Design/ip/Lab2_Block_Design_auto_pc_3/synth/Lab2_Block_Design_auto_pc_3.v:53]
INFO: [Synth 8-6157] synthesizing module 'axi_protocol_converter_v2_1_28_axi_protocol_converter' [f:/Education/FPGA_Labs/Lab3/Lab3.gen/sources_1/bd/Lab2_Block_Design/ipshared/8c02/hdl/axi_protocol_converter_v2_1_vl_rfs.v:4807]
INFO: [Synth 8-6155] done synthesizing module 'axi_protocol_converter_v2_1_28_axi_protocol_converter' (0#1) [f:/Education/FPGA_Labs/Lab3/Lab3.gen/sources_1/bd/Lab2_Block_Design/ipshared/8c02/hdl/axi_protocol_converter_v2_1_vl_rfs.v:4807]
INFO: [Synth 8-6155] done synthesizing module 'Lab2_Block_Design_auto_pc_3' (0#1) [f:/Education/FPGA_Labs/Lab3/Lab3.gen/sources_1/bd/Lab2_Block_Design/ip/Lab2_Block_Design_auto_pc_3/synth/Lab2_Block_Design_auto_pc_3.v:53]
WARNING: [Synth 8-7129] Port aclk in module axi_protocol_converter_v2_1_28_axi_protocol_converter is either unconnected or has no load
WARNING: [Synth 8-7129] Port aresetn in module axi_protocol_converter_v2_1_28_axi_protocol_converter is either unconnected or has no load
WARNING: [Synth 8-7129] Port s_axi_awlock[1] in module axi_protocol_converter_v2_1_28_axi_protocol_converter is either unconnected or has no load
WARNING: [Synth 8-7129] Port s_axi_awregion[3] in module axi_protocol_converter_v2_1_28_axi_protocol_converter is either unconnected or has no load
WARNING: [Synth 8-7129] Port s_axi_awregion[2] in module axi_protocol_converter_v2_1_28_axi_protocol_converter is either unconnected or has no load
WARNING: [Synth 8-7129] Port s_axi_awregion[1] in module axi_protocol_converter_v2_1_28_axi_protocol_converter is either unconnected or has no load
WARNING: [Synth 8-7129] Port s_axi_awregion[0] in module axi_protocol_converter_v2_1_28_axi_protocol_converter is either unconnected or has no load
WARNING: [Synth 8-7129] Port s_axi_wid[11] in module axi_protocol_converter_v2_1_28_axi_protocol_converter is either unconnected or has no load
WARNING: [Synth 8-7129] Port s_axi_wid[10] in module axi_protocol_converter_v2_1_28_axi_protocol_converter is either unconnected or has no load
WARNING: [Synth 8-7129] Port s_axi_wid[9] in module axi_protocol_converter_v2_1_28_axi_protocol_converter is either unconnected or has no load
WARNING: [Synth 8-7129] Port s_axi_wid[8] in module axi_protocol_converter_v2_1_28_axi_protocol_converter is either unconnected or has no load
WARNING: [Synth 8-7129] Port s_axi_wid[7] in module axi_protocol_converter_v2_1_28_axi_protocol_converter is either unconnected or has no load
WARNING: [Synth 8-7129] Port s_axi_wid[6] in module axi_protocol_converter_v2_1_28_axi_protocol_converter is either unconnected or has no load
WARNING: [Synth 8-7129] Port s_axi_wid[5] in module axi_protocol_converter_v2_1_28_axi_protocol_converter is either unconnected or has no load
WARNING: [Synth 8-7129] Port s_axi_wid[4] in module axi_protocol_converter_v2_1_28_axi_protocol_converter is either unconnected or has no load
WARNING: [Synth 8-7129] Port s_axi_wid[3] in module axi_protocol_converter_v2_1_28_axi_protocol_converter is either unconnected or has no load
WARNING: [Synth 8-7129] Port s_axi_wid[2] in module axi_protocol_converter_v2_1_28_axi_protocol_converter is either unconnected or has no load
WARNING: [Synth 8-7129] Port s_axi_wid[1] in module axi_protocol_converter_v2_1_28_axi_protocol_converter is either unconnected or has no load
WARNING: [Synth 8-7129] Port s_axi_wid[0] in module axi_protocol_converter_v2_1_28_axi_protocol_converter is either unconnected or has no load
WARNING: [Synth 8-7129] Port s_axi_arlock[1] in module axi_protocol_converter_v2_1_28_axi_protocol_converter is either unconnected or has no load
WARNING: [Synth 8-7129] Port s_axi_arregion[3] in module axi_protocol_converter_v2_1_28_axi_protocol_converter is either unconnected or has no load
WARNING: [Synth 8-7129] Port s_axi_arregion[2] in module axi_protocol_converter_v2_1_28_axi_protocol_converter is either unconnected or has no load
WARNING: [Synth 8-7129] Port s_axi_arregion[1] in module axi_protocol_converter_v2_1_28_axi_protocol_converter is either unconnected or has no load
WARNING: [Synth 8-7129] Port s_axi_arregion[0] in module axi_protocol_converter_v2_1_28_axi_protocol_converter is either unconnected or has no load
---------------------------------------------------------------------------------
Finished RTL Elaboration : Time (s): cpu = 00:00:12 ; elapsed = 00:00:14 . Memory (MB): peak = 1995.980 ; gain = 632.430
---------------------------------------------------------------------------------
---------------------------------------------------------------------------------
Start Handling Custom Attributes
---------------------------------------------------------------------------------
---------------------------------------------------------------------------------
Finished Handling Custom Attributes : Time (s): cpu = 00:00:12 ; elapsed = 00:00:14 . Memory (MB): peak = 1995.980 ; gain = 632.430
---------------------------------------------------------------------------------
---------------------------------------------------------------------------------
Finished RTL Optimization Phase 1 : Time (s): cpu = 00:00:12 ; elapsed = 00:00:14 . Memory (MB): peak = 1995.980 ; gain = 632.430
---------------------------------------------------------------------------------
Netlist sorting complete. Time (s): cpu = 00:00:00 ; elapsed = 00:00:00.009 . Memory (MB): peak = 1995.980 ; gain = 0.000
INFO: [Project 1-570] Preparing netlist for logic optimization

Processing XDC Constraints
Initializing timing engine
WARNING: [Designutils 20-1758] instance inst wraps a black box. Constraint reading is skipped for elaborated designs in this case. Skipping constraint file 'f:/Education/FPGA_Labs/Lab3/Lab3.gen/sources_1/bd/Lab2_Block_Design/ip/Lab2_Block_Design_auto_pc_3/Lab2_Block_Design_auto_pc_3_ooc.xdc'.
Parsing XDC File [F:/Education/FPGA_Labs/Lab3/Lab3.runs/Lab2_Block_Design_auto_pc_3_synth_1/dont_touch.xdc]
Finished Parsing XDC File [F:/Education/FPGA_Labs/Lab3/Lab3.runs/Lab2_Block_Design_auto_pc_3_synth_1/dont_touch.xdc]
Completed Processing XDC Constraints

Netlist sorting complete. Time (s): cpu = 00:00:00 ; elapsed = 00:00:00 . Memory (MB): peak = 1995.980 ; gain = 0.000
INFO: [Project 1-111] Unisim Transformation Summary:
No Unisim elements were transformed.

Constraint Validation Runtime : Time (s): cpu = 00:00:00 ; elapsed = 00:00:00.028 . Memory (MB): peak = 1995.980 ; gain = 0.000
INFO: [Designutils 20-5008] Incremental synthesis strategy off
---------------------------------------------------------------------------------
Finished Constraint Validation : Time (s): cpu = 00:00:19 ; elapsed = 00:00:20 . Memory (MB): peak = 1995.980 ; gain = 632.430
---------------------------------------------------------------------------------
---------------------------------------------------------------------------------
Start Loading Part and Timing Information
---------------------------------------------------------------------------------
Loading part: xc7z020clg484-1
---------------------------------------------------------------------------------
Finished Loading Part and Timing Information : Time (s): cpu = 00:00:19 ; elapsed = 00:00:20 . Memory (MB): peak = 1995.980 ; gain = 632.430
---------------------------------------------------------------------------------
---------------------------------------------------------------------------------
Start Applying 'set_property' XDC Constraints
---------------------------------------------------------------------------------
Applied set_property KEEP_HIERARCHY = SOFT for inst. (constraint file  F:/Education/FPGA_Labs/Lab3/Lab3.runs/Lab2_Block_Design_auto_pc_3_synth_1/dont_touch.xdc, line 9).
---------------------------------------------------------------------------------
Finished applying 'set_property' XDC Constraints : Time (s): cpu = 00:00:19 ; elapsed = 00:00:20 . Memory (MB): peak = 1995.980 ; gain = 632.430
---------------------------------------------------------------------------------
---------------------------------------------------------------------------------
Finished RTL Optimization Phase 2 : Time (s): cpu = 00:00:19 ; elapsed = 00:00:21 . Memory (MB): peak = 1995.980 ; gain = 632.430
---------------------------------------------------------------------------------
---------------------------------------------------------------------------------
Start RTL Component Statistics 
---------------------------------------------------------------------------------
Detailed RTL Component Info : 
---------------------------------------------------------------------------------
Finished RTL Component Statistics 
---------------------------------------------------------------------------------
---------------------------------------------------------------------------------
Start Part Resource Summary
---------------------------------------------------------------------------------
Part Resources:
DSPs: 220 (col length:60)
BRAMs: 280 (col length: RAMB18 60 RAMB36 30)
---------------------------------------------------------------------------------
Finished Part Resource Summary
---------------------------------------------------------------------------------
---------------------------------------------------------------------------------
Start Cross Boundary and Area Optimization
---------------------------------------------------------------------------------
WARNING: [Synth 8-7080] Parallel synthesis criteria is not met
WARNING: [Synth 8-7129] Port aclk in module axi_protocol_converter_v2_1_28_axi_protocol_converter is either unconnected or has no load
WARNING: [Synth 8-7129] Port aresetn in module axi_protocol_converter_v2_1_28_axi_protocol_converter is either unconnected or has no load
WARNING: [Synth 8-7129] Port s_axi_awlock[1] in module axi_protocol_converter_v2_1_28_axi_protocol_converter is either unconnected or has no load
WARNING: [Synth 8-7129] Port s_axi_awregion[3] in module axi_protocol_converter_v2_1_28_axi_protocol_converter is either unconnected or has no load
WARNING: [Synth 8-7129] Port s_axi_awregion[2] in module axi_protocol_converter_v2_1_28_axi_protocol_converter is either unconnected or has no load
WARNING: [Synth 8-7129] Port s_axi_awregion[1] in module axi_protocol_converter_v2_1_28_axi_protocol_converter is either unconnected or has no load
WARNING: [Synth 8-7129] Port s_axi_awregion[0] in module axi_protocol_converter_v2_1_28_axi_protocol_converter is either unconnected or has no load
WARNING: [Synth 8-7129] Port s_axi_wid[11] in module axi_protocol_converter_v2_1_28_axi_protocol_converter is either unconnected or has no load
WARNING: [Synth 8-7129] Port s_axi_wid[10] in module axi_protocol_converter_v2_1_28_axi_protocol_converter is either unconnected or has no load
WARNING: [Synth 8-7129] Port s_axi_wid[9] in module axi_protocol_converter_v2_1_28_axi_protocol_converter is either unconnected or has no load
WARNING: [Synth 8-7129] Port s_axi_wid[8] in module axi_protocol_converter_v2_1_28_axi_protocol_converter is either unconnected or has no load
WARNING: [Synth 8-7129] Port s_axi_wid[7] in module axi_protocol_converter_v2_1_28_axi_protocol_converter is either unconnected or has no load
WARNING: [Synth 8-7129] Port s_axi_wid[6] in module axi_protocol_converter_v2_1_28_axi_protocol_converter is either unconnected or has no load
WARNING: [Synth 8-7129] Port s_axi_wid[5] in module axi_protocol_converter_v2_1_28_axi_protocol_converter is either unconnected or has no load
WARNING: [Synth 8-7129] Port s_axi_wid[4] in module axi_protocol_converter_v2_1_28_axi_protocol_converter is either unconnected or has no load
WARNING: [Synth 8-7129] Port s_axi_wid[3] in module axi_protocol_converter_v2_1_28_axi_protocol_converter is either unconnected or has no load
WARNING: [Synth 8-7129] Port s_axi_wid[2] in module axi_protocol_converter_v2_1_28_axi_protocol_converter is either unconnected or has no load
WARNING: [Synth 8-7129] Port s_axi_wid[1] in module axi_protocol_converter_v2_1_28_axi_protocol_converter is either unconnected or has no load
WARNING: [Synth 8-7129] Port s_axi_wid[0] in module axi_protocol_converter_v2_1_28_axi_protocol_converter is either unconnected or has no load
WARNING: [Synth 8-7129] Port s_axi_arlock[1] in module axi_protocol_converter_v2_1_28_axi_protocol_converter is either unconnected or has no load
WARNING: [Synth 8-7129] Port s_axi_arregion[3] in module axi_protocol_converter_v2_1_28_axi_protocol_converter is either unconnected or has no load
WARNING: [Synth 8-7129] Port s_axi_arregion[2] in module axi_protocol_converter_v2_1_28_axi_protocol_converter is either unconnected or has no load
WARNING: [Synth 8-7129] Port s_axi_arregion[1] in module axi_protocol_converter_v2_1_28_axi_protocol_converter is either unconnected or has no load
WARNING: [Synth 8-7129] Port s_axi_arregion[0] in module axi_protocol_converter_v2_1_28_axi_protocol_converter is either unconnected or has no load
---------------------------------------------------------------------------------
Finished Cross Boundary and Area Optimization : Time (s): cpu = 00:00:21 ; elapsed = 00:00:22 . Memory (MB): peak = 1995.980 ; gain = 632.430
---------------------------------------------------------------------------------
---------------------------------------------------------------------------------
Start Applying XDC Timing Constraints
---------------------------------------------------------------------------------
---------------------------------------------------------------------------------
Finished Applying XDC Timing Constraints : Time (s): cpu = 00:00:25 ; elapsed = 00:00:27 . Memory (MB): peak = 1995.980 ; gain = 632.430
---------------------------------------------------------------------------------
---------------------------------------------------------------------------------
Start Timing Optimization
---------------------------------------------------------------------------------
---------------------------------------------------------------------------------
Finished Timing Optimization : Time (s): cpu = 00:00:25 ; elapsed = 00:00:27 . Memory (MB): peak = 1995.980 ; gain = 632.430
---------------------------------------------------------------------------------
---------------------------------------------------------------------------------
Start Technology Mapping
---------------------------------------------------------------------------------
---------------------------------------------------------------------------------
Finished Technology Mapping : Time (s): cpu = 00:00:25 ; elapsed = 00:00:27 . Memory (MB): peak = 1995.980 ; gain = 632.430
---------------------------------------------------------------------------------
---------------------------------------------------------------------------------
Start IO Insertion
---------------------------------------------------------------------------------
---------------------------------------------------------------------------------
Start Flattening Before IO Insertion
---------------------------------------------------------------------------------
---------------------------------------------------------------------------------
Finished Flattening Before IO Insertion
---------------------------------------------------------------------------------
---------------------------------------------------------------------------------
Start Final Netlist Cleanup
---------------------------------------------------------------------------------
---------------------------------------------------------------------------------
Finished Final Netlist Cleanup
---------------------------------------------------------------------------------
---------------------------------------------------------------------------------
Finished IO Insertion : Time (s): cpu = 00:00:29 ; elapsed = 00:00:31 . Memory (MB): peak = 1995.980 ; gain = 632.430
---------------------------------------------------------------------------------
---------------------------------------------------------------------------------
Start Renaming Generated Instances
---------------------------------------------------------------------------------
---------------------------------------------------------------------------------
Finished Renaming Generated Instances : Time (s): cpu = 00:00:29 ; elapsed = 00:00:31 . Memory (MB): peak = 1995.980 ; gain = 632.430
---------------------------------------------------------------------------------
---------------------------------------------------------------------------------
Start Rebuilding User Hierarchy
---------------------------------------------------------------------------------
---------------------------------------------------------------------------------
Finished Rebuilding User Hierarchy : Time (s): cpu = 00:00:29 ; elapsed = 00:00:31 . Memory (MB): peak = 1995.980 ; gain = 632.430
---------------------------------------------------------------------------------
---------------------------------------------------------------------------------
Start Renaming Generated Ports
---------------------------------------------------------------------------------
---------------------------------------------------------------------------------
Finished Renaming Generated Ports : Time (s): cpu = 00:00:29 ; elapsed = 00:00:31 . Memory (MB): peak = 1995.980 ; gain = 632.430
---------------------------------------------------------------------------------
---------------------------------------------------------------------------------
Start Handling Custom Attributes
---------------------------------------------------------------------------------
---------------------------------------------------------------------------------
Finished Handling Custom Attributes : Time (s): cpu = 00:00:29 ; elapsed = 00:00:31 . Memory (MB): peak = 1995.980 ; gain = 632.430
---------------------------------------------------------------------------------
---------------------------------------------------------------------------------
Start Renaming Generated Nets
---------------------------------------------------------------------------------
---------------------------------------------------------------------------------
Finished Renaming Generated Nets : Time (s): cpu = 00:00:29 ; elapsed = 00:00:31 . Memory (MB): peak = 1995.980 ; gain = 632.430
---------------------------------------------------------------------------------
---------------------------------------------------------------------------------
Start Writing Synthesis Report
---------------------------------------------------------------------------------

Report BlackBoxes: 
+-+--------------+----------+
| |BlackBox name |Instances |
+-+--------------+----------+
+-+--------------+----------+

Report Cell Usage: 
+-+-----+------+
| |Cell |Count |
+-+-----+------+
+-+-----+------+
---------------------------------------------------------------------------------
Finished Writing Synthesis Report : Time (s): cpu = 00:00:29 ; elapsed = 00:00:31 . Memory (MB): peak = 1995.980 ; gain = 632.430
---------------------------------------------------------------------------------
Synthesis finished with 0 errors, 0 critical warnings and 25 warnings.
Synthesis Optimization Runtime : Time (s): cpu = 00:00:15 ; elapsed = 00:00:29 . Memory (MB): peak = 1995.980 ; gain = 632.430
Synthesis Optimization Complete : Time (s): cpu = 00:00:29 ; elapsed = 00:00:31 . Memory (MB): peak = 1995.980 ; gain = 632.430
INFO: [Project 1-571] Translating synthesized netlist
Netlist sorting complete. Time (s): cpu = 00:00:00 ; elapsed = 00:00:00.006 . Memory (MB): peak = 1995.980 ; gain = 0.000
INFO: [Project 1-570] Preparing netlist for logic optimization
INFO: [Opt 31-138] Pushed 0 inverter(s) to 0 load pin(s).
Netlist sorting complete. Time (s): cpu = 00:00:00 ; elapsed = 00:00:00 . Memory (MB): peak = 1995.980 ; gain = 0.000
INFO: [Project 1-111] Unisim Transformation Summary:
No Unisim elements were transformed.

Synth Design complete | Checksum: 3680f09f
INFO: [Common 17-83] Releasing license: Synthesis
21 Infos, 50 Warnings, 0 Critical Warnings and 0 Errors encountered.
synth_design completed successfully
synth_design: Time (s): cpu = 00:00:34 ; elapsed = 00:00:35 . Memory (MB): peak = 1995.980 ; gain = 1039.488
INFO: [Common 17-1381] The checkpoint 'F:/Education/FPGA_Labs/Lab3/Lab3.runs/Lab2_Block_Design_auto_pc_3_synth_1/Lab2_Block_Design_auto_pc_3.dcp' has been generated.
INFO: [Coretcl 2-1648] Added synthesis output to IP cache for IP Lab2_Block_Design_auto_pc_3, cache-ID = 68335123506417b9
INFO: [Common 17-1381] The checkpoint 'F:/Education/FPGA_Labs/Lab3/Lab3.runs/Lab2_Block_Design_auto_pc_3_synth_1/Lab2_Block_Design_auto_pc_3.dcp' has been generated.
INFO: [runtcl-4] Executing : report_utilization -file Lab2_Block_Design_auto_pc_3_utilization_synth.rpt -pb Lab2_Block_Design_auto_pc_3_utilization_synth.pb
INFO: [Common 17-206] Exiting Vivado at Sat Oct  5 20:28:35 2024...
