15:53:39 DEBUG : Logs will be stored at 'F:/Education/FPGA/ZedBoardLabs/Lab2/IDE.log'.
15:53:42 INFO  : Launching XSCT server: xsct.bat -n  -interactive F:\Education\FPGA\ZedBoardLabs\Lab2\temp_xsdb_launch_script.tcl
15:53:42 INFO  : Registering command handlers for Vitis TCF services
15:53:43 INFO  : Platform repository initialization has completed.
15:53:44 INFO  : XSCT server has started successfully.
15:53:44 INFO  : Successfully done setting XSCT server connection channel  
15:53:45 INFO  : plnx-install-location is set to ''
15:53:45 INFO  : Successfully done setting workspace for the tool. 
15:53:45 INFO  : Successfully done query RDI_DATADIR 
15:54:57 INFO  : Result from executing command 'getProjects': system_wrapper
15:54:57 INFO  : Result from executing command 'getPlatforms': xilinx_zcu102_base_202310_1|F:/Xilinx/Vitis/Vitis/2023.1/base_platforms/xilinx_zcu102_base_202310_1/xilinx_zcu102_base_202310_1.xpfm;xilinx_zcu102_base_dfx_202310_1|F:/Xilinx/Vitis/Vitis/2023.1/base_platforms/xilinx_zcu102_base_dfx_202310_1/xilinx_zcu102_base_dfx_202310_1.xpfm;xilinx_zcu104_base_202310_1|F:/Xilinx/Vitis/Vitis/2023.1/base_platforms/xilinx_zcu104_base_202310_1/xilinx_zcu104_base_202310_1.xpfm
15:54:58 WARN  : An unexpected exception occurred in the module 'platform project logging'
15:54:58 INFO  : Platform 'system_wrapper' is added to custom repositories.
15:55:03 INFO  : Platform 'system_wrapper' is added to custom repositories.
15:56:02 INFO  : Result from executing command 'getProjects': system_wrapper
15:56:02 INFO  : Result from executing command 'getPlatforms': system_wrapper|F:/Education/FPGA/ZedBoardLabs/Lab2/system_wrapper/export/system_wrapper/system_wrapper.xpfm;xilinx_zcu102_base_202310_1|F:/Xilinx/Vitis/Vitis/2023.1/base_platforms/xilinx_zcu102_base_202310_1/xilinx_zcu102_base_202310_1.xpfm;xilinx_zcu102_base_dfx_202310_1|F:/Xilinx/Vitis/Vitis/2023.1/base_platforms/xilinx_zcu102_base_dfx_202310_1/xilinx_zcu102_base_dfx_202310_1.xpfm;xilinx_zcu104_base_202310_1|F:/Xilinx/Vitis/Vitis/2023.1/base_platforms/xilinx_zcu104_base_202310_1/xilinx_zcu104_base_202310_1.xpfm
15:56:02 INFO  : Checking for BSP changes to sync application flags for project 'lab2'...
20:19:11 DEBUG : Logs will be stored at 'F:/Education/FPGA_Labs/Lab2/IDE.log'.
20:19:12 INFO  : Launching XSCT server: xsct.bat -n  -interactive F:\Education\FPGA_Labs\Lab2\temp_xsdb_launch_script.tcl
20:19:14 INFO  : XSCT server has started successfully.
20:19:14 INFO  : plnx-install-location is set to ''
20:19:14 INFO  : Registering command handlers for Vitis TCF services
20:19:14 INFO  : Successfully done setting XSCT server connection channel  
20:19:14 INFO  : Successfully done query RDI_DATADIR 
20:19:14 INFO  : Successfully done setting workspace for the tool. 
20:19:14 INFO  : Platform repository initialization has completed.
