Copyright 1986-2022 Xilinx, Inc. All Rights Reserved. Copyright 2022-2023 Advanced Micro Devices, Inc. All Rights Reserved.
-----------------------------------------------------------------------------------------------------------------------------------------------------------------------------------------------------------------
| Tool Version : Vivado v.2023.1 (win64) Build 3865809 Sun May  7 15:05:29 MDT 2023
| Date         : Sat Oct  5 20:30:35 2024
| Host         : DESKTOP-2ENERJB running 64-bit major release  (build 9200)
| Command      : report_methodology -file Lab2_Block_Design_wrapper_methodology_drc_routed.rpt -pb Lab2_Block_Design_wrapper_methodology_drc_routed.pb -rpx Lab2_Block_Design_wrapper_methodology_drc_routed.rpx
| Design       : Lab2_Block_Design_wrapper
| Device       : xc7z020clg484-1
| Speed File   : -1
| Design State : Fully Routed
-----------------------------------------------------------------------------------------------------------------------------------------------------------------------------------------------------------------

Report Methodology

Table of Contents
-----------------
1. REPORT SUMMARY
2. REPORT DETAILS

1. REPORT SUMMARY
-----------------
            Netlist: netlist
          Floorplan: design_1
      Design limits: <entire design considered>
             Max violations: <unlimited>
             Violations found: 30
+-----------+----------+---------------------------------------------------+------------+
| Rule      | Severity | Description                                       | Violations |
+-----------+----------+---------------------------------------------------+------------+
| TIMING-18 | Warning  | Missing input or output delay                     | 17         |
| XDCC-2    | Warning  | Scoped Non-Timing constraint/property overwritten | 13         |
+-----------+----------+---------------------------------------------------+------------+

2. REPORT DETAILS
-----------------
TIMING-18#1 Warning
Missing input or output delay  
An input delay is missing on buttons_tri_i[0] relative to the rising and/or falling clock edge(s) of clk_fpga_0.
Related violations: <none>

TIMING-18#2 Warning
Missing input or output delay  
An input delay is missing on buttons_tri_i[1] relative to the rising and/or falling clock edge(s) of clk_fpga_0.
Related violations: <none>

TIMING-18#3 Warning
Missing input or output delay  
An input delay is missing on buttons_tri_i[2] relative to the rising and/or falling clock edge(s) of clk_fpga_0.
Related violations: <none>

TIMING-18#4 Warning
Missing input or output delay  
An input delay is missing on buttons_tri_i[3] relative to the rising and/or falling clock edge(s) of clk_fpga_0.
Related violations: <none>

TIMING-18#5 Warning
Missing input or output delay  
An input delay is missing on buttons_tri_i[4] relative to the rising and/or falling clock edge(s) of clk_fpga_0.
Related violations: <none>

TIMING-18#6 Warning
Missing input or output delay  
An input delay is missing on switches_tri_i[0] relative to the rising and/or falling clock edge(s) of clk_fpga_0.
Related violations: <none>

TIMING-18#7 Warning
Missing input or output delay  
An input delay is missing on switches_tri_i[1] relative to the rising and/or falling clock edge(s) of clk_fpga_0.
Related violations: <none>

TIMING-18#8 Warning
Missing input or output delay  
An input delay is missing on switches_tri_i[2] relative to the rising and/or falling clock edge(s) of clk_fpga_0.
Related violations: <none>

TIMING-18#9 Warning
Missing input or output delay  
An input delay is missing on switches_tri_i[3] relative to the rising and/or falling clock edge(s) of clk_fpga_0.
Related violations: <none>

TIMING-18#10 Warning
Missing input or output delay  
An input delay is missing on switches_tri_i[4] relative to the rising and/or falling clock edge(s) of clk_fpga_0.
Related violations: <none>

TIMING-18#11 Warning
Missing input or output delay  
An input delay is missing on switches_tri_i[5] relative to the rising and/or falling clock edge(s) of clk_fpga_0.
Related violations: <none>

TIMING-18#12 Warning
Missing input or output delay  
An input delay is missing on switches_tri_i[6] relative to the rising and/or falling clock edge(s) of clk_fpga_0.
Related violations: <none>

TIMING-18#13 Warning
Missing input or output delay  
An input delay is missing on switches_tri_i[7] relative to the rising and/or falling clock edge(s) of clk_fpga_0.
Related violations: <none>

TIMING-18#14 Warning
Missing input or output delay  
An output delay is missing on LED[0] relative to the rising and/or falling clock edge(s) of clk_fpga_0.
Related violations: <none>

TIMING-18#15 Warning
Missing input or output delay  
An output delay is missing on LED[1] relative to the rising and/or falling clock edge(s) of clk_fpga_0.
Related violations: <none>

TIMING-18#16 Warning
Missing input or output delay  
An output delay is missing on LED[2] relative to the rising and/or falling clock edge(s) of clk_fpga_0.
Related violations: <none>

TIMING-18#17 Warning
Missing input or output delay  
An output delay is missing on LED[3] relative to the rising and/or falling clock edge(s) of clk_fpga_0.
Related violations: <none>

XDCC-2#1 Warning
Scoped Non-Timing constraint/property overwritten  
A new XDC property IOSTANDARD on buttons_tri_i[0] overrides a previous scoped property. It is not recommended to override a scoped (typically an IP) property and could result in unexpected behaviours.
New Source: F:/Education/FPGA_Labs/Lab3/Lab3.cntrs/zedboard.xdc (Line: 367)
Previous Source: f:/Education/FPGA_Labs/Lab3/Lab3.gen/sources_1/bd/Lab2_Block_Design/ip/Lab2_Block_Design_axi_gpio_0_1/Lab2_Block_Design_axi_gpio_0_1_board.xdc (Line: 3)
Related violations: <none>

XDCC-2#2 Warning
Scoped Non-Timing constraint/property overwritten  
A new XDC property IOSTANDARD on buttons_tri_i[1] overrides a previous scoped property. It is not recommended to override a scoped (typically an IP) property and could result in unexpected behaviours.
New Source: F:/Education/FPGA_Labs/Lab3/Lab3.cntrs/zedboard.xdc (Line: 367)
Previous Source: f:/Education/FPGA_Labs/Lab3/Lab3.gen/sources_1/bd/Lab2_Block_Design/ip/Lab2_Block_Design_axi_gpio_0_1/Lab2_Block_Design_axi_gpio_0_1_board.xdc (Line: 5)
Related violations: <none>

XDCC-2#3 Warning
Scoped Non-Timing constraint/property overwritten  
A new XDC property IOSTANDARD on buttons_tri_i[2] overrides a previous scoped property. It is not recommended to override a scoped (typically an IP) property and could result in unexpected behaviours.
New Source: F:/Education/FPGA_Labs/Lab3/Lab3.cntrs/zedboard.xdc (Line: 367)
Previous Source: f:/Education/FPGA_Labs/Lab3/Lab3.gen/sources_1/bd/Lab2_Block_Design/ip/Lab2_Block_Design_axi_gpio_0_1/Lab2_Block_Design_axi_gpio_0_1_board.xdc (Line: 7)
Related violations: <none>

XDCC-2#4 Warning
Scoped Non-Timing constraint/property overwritten  
A new XDC property IOSTANDARD on buttons_tri_i[3] overrides a previous scoped property. It is not recommended to override a scoped (typically an IP) property and could result in unexpected behaviours.
New Source: F:/Education/FPGA_Labs/Lab3/Lab3.cntrs/zedboard.xdc (Line: 367)
Previous Source: f:/Education/FPGA_Labs/Lab3/Lab3.gen/sources_1/bd/Lab2_Block_Design/ip/Lab2_Block_Design_axi_gpio_0_1/Lab2_Block_Design_axi_gpio_0_1_board.xdc (Line: 9)
Related violations: <none>

XDCC-2#5 Warning
Scoped Non-Timing constraint/property overwritten  
A new XDC property IOSTANDARD on buttons_tri_i[4] overrides a previous scoped property. It is not recommended to override a scoped (typically an IP) property and could result in unexpected behaviours.
New Source: F:/Education/FPGA_Labs/Lab3/Lab3.cntrs/zedboard.xdc (Line: 367)
Previous Source: f:/Education/FPGA_Labs/Lab3/Lab3.gen/sources_1/bd/Lab2_Block_Design/ip/Lab2_Block_Design_axi_gpio_0_1/Lab2_Block_Design_axi_gpio_0_1_board.xdc (Line: 11)
Related violations: <none>

XDCC-2#6 Warning
Scoped Non-Timing constraint/property overwritten  
A new XDC property IOSTANDARD on switches_tri_i[0] overrides a previous scoped property. It is not recommended to override a scoped (typically an IP) property and could result in unexpected behaviours.
New Source: F:/Education/FPGA_Labs/Lab3/Lab3.cntrs/zedboard.xdc (Line: 372)
Previous Source: f:/Education/FPGA_Labs/Lab3/Lab3.gen/sources_1/bd/Lab2_Block_Design/ip/Lab2_Block_Design_axi_gpio_0_0/Lab2_Block_Design_axi_gpio_0_0_board.xdc (Line: 3)
Related violations: <none>

XDCC-2#7 Warning
Scoped Non-Timing constraint/property overwritten  
A new XDC property IOSTANDARD on switches_tri_i[1] overrides a previous scoped property. It is not recommended to override a scoped (typically an IP) property and could result in unexpected behaviours.
New Source: F:/Education/FPGA_Labs/Lab3/Lab3.cntrs/zedboard.xdc (Line: 372)
Previous Source: f:/Education/FPGA_Labs/Lab3/Lab3.gen/sources_1/bd/Lab2_Block_Design/ip/Lab2_Block_Design_axi_gpio_0_0/Lab2_Block_Design_axi_gpio_0_0_board.xdc (Line: 5)
Related violations: <none>

XDCC-2#8 Warning
Scoped Non-Timing constraint/property overwritten  
A new XDC property IOSTANDARD on switches_tri_i[2] overrides a previous scoped property. It is not recommended to override a scoped (typically an IP) property and could result in unexpected behaviours.
New Source: F:/Education/FPGA_Labs/Lab3/Lab3.cntrs/zedboard.xdc (Line: 372)
Previous Source: f:/Education/FPGA_Labs/Lab3/Lab3.gen/sources_1/bd/Lab2_Block_Design/ip/Lab2_Block_Design_axi_gpio_0_0/Lab2_Block_Design_axi_gpio_0_0_board.xdc (Line: 7)
Related violations: <none>

XDCC-2#9 Warning
Scoped Non-Timing constraint/property overwritten  
A new XDC property IOSTANDARD on switches_tri_i[3] overrides a previous scoped property. It is not recommended to override a scoped (typically an IP) property and could result in unexpected behaviours.
New Source: F:/Education/FPGA_Labs/Lab3/Lab3.cntrs/zedboard.xdc (Line: 372)
Previous Source: f:/Education/FPGA_Labs/Lab3/Lab3.gen/sources_1/bd/Lab2_Block_Design/ip/Lab2_Block_Design_axi_gpio_0_0/Lab2_Block_Design_axi_gpio_0_0_board.xdc (Line: 9)
Related violations: <none>

XDCC-2#10 Warning
Scoped Non-Timing constraint/property overwritten  
A new XDC property IOSTANDARD on switches_tri_i[4] overrides a previous scoped property. It is not recommended to override a scoped (typically an IP) property and could result in unexpected behaviours.
New Source: F:/Education/FPGA_Labs/Lab3/Lab3.cntrs/zedboard.xdc (Line: 372)
Previous Source: f:/Education/FPGA_Labs/Lab3/Lab3.gen/sources_1/bd/Lab2_Block_Design/ip/Lab2_Block_Design_axi_gpio_0_0/Lab2_Block_Design_axi_gpio_0_0_board.xdc (Line: 11)
Related violations: <none>

XDCC-2#11 Warning
Scoped Non-Timing constraint/property overwritten  
A new XDC property IOSTANDARD on switches_tri_i[5] overrides a previous scoped property. It is not recommended to override a scoped (typically an IP) property and could result in unexpected behaviours.
New Source: F:/Education/FPGA_Labs/Lab3/Lab3.cntrs/zedboard.xdc (Line: 372)
Previous Source: f:/Education/FPGA_Labs/Lab3/Lab3.gen/sources_1/bd/Lab2_Block_Design/ip/Lab2_Block_Design_axi_gpio_0_0/Lab2_Block_Design_axi_gpio_0_0_board.xdc (Line: 13)
Related violations: <none>

XDCC-2#12 Warning
Scoped Non-Timing constraint/property overwritten  
A new XDC property IOSTANDARD on switches_tri_i[6] overrides a previous scoped property. It is not recommended to override a scoped (typically an IP) property and could result in unexpected behaviours.
New Source: F:/Education/FPGA_Labs/Lab3/Lab3.cntrs/zedboard.xdc (Line: 372)
Previous Source: f:/Education/FPGA_Labs/Lab3/Lab3.gen/sources_1/bd/Lab2_Block_Design/ip/Lab2_Block_Design_axi_gpio_0_0/Lab2_Block_Design_axi_gpio_0_0_board.xdc (Line: 15)
Related violations: <none>

XDCC-2#13 Warning
Scoped Non-Timing constraint/property overwritten  
A new XDC property IOSTANDARD on switches_tri_i[7] overrides a previous scoped property. It is not recommended to override a scoped (typically an IP) property and could result in unexpected behaviours.
New Source: F:/Education/FPGA_Labs/Lab3/Lab3.cntrs/zedboard.xdc (Line: 367)
Previous Source: f:/Education/FPGA_Labs/Lab3/Lab3.gen/sources_1/bd/Lab2_Block_Design/ip/Lab2_Block_Design_axi_gpio_0_0/Lab2_Block_Design_axi_gpio_0_0_board.xdc (Line: 17)
Related violations: <none>


