Copyright 1986-2022 Xilinx, Inc. All Rights Reserved. Copyright 2022-2023 Advanced Micro Devices, Inc. All Rights Reserved.
---------------------------------------------------------------------------------------------------------------------------------------------
| Tool Version : Vivado v.2023.1 (win64) Build 3865809 Sun May  7 15:05:29 MDT 2023
| Date         : Sat Oct  5 20:14:52 2024
| Host         : DESKTOP-2ENERJB running 64-bit major release  (build 9200)
| Command      : report_control_sets -verbose -file Lab2_Block_Design_wrapper_control_sets_placed.rpt
| Design       : Lab2_Block_Design_wrapper
| Device       : xc7z020
---------------------------------------------------------------------------------------------------------------------------------------------

Control Set Information

Table of Contents
-----------------
1. Summary
2. Histogram
3. Flip-Flop Distribution
4. Detailed Control Set Information

1. Summary
----------

+----------------------------------------------------------+-------+
|                          Status                          | Count |
+----------------------------------------------------------+-------+
| Total control sets                                       |    46 |
|    Minimum number of control sets                        |    46 |
|    Addition due to synthesis replication                 |     0 |
|    Addition due to physical synthesis replication        |     0 |
| Unused register locations in slices containing registers |   118 |
+----------------------------------------------------------+-------+
* Control sets can be merged at opt_design using control_set_merge or merge_equivalent_drivers
** Run report_qor_suggestions for automated merging and remapping suggestions


2. Histogram
------------

+--------------------+-------+
|       Fanout       | Count |
+--------------------+-------+
| Total control sets |    46 |
| >= 0 to < 4        |     2 |
| >= 4 to < 6        |    14 |
| >= 6 to < 8        |     2 |
| >= 8 to < 10       |     4 |
| >= 10 to < 12      |     2 |
| >= 12 to < 14      |     5 |
| >= 14 to < 16      |     2 |
| >= 16              |    15 |
+--------------------+-------+
* Control sets can be remapped at either synth_design or opt_design


3. Flip-Flop Distribution
-------------------------

+--------------+-----------------------+------------------------+-----------------+--------------+
| Clock Enable | Synchronous Set/Reset | Asynchronous Set/Reset | Total Registers | Total Slices |
+--------------+-----------------------+------------------------+-----------------+--------------+
| No           | No                    | No                     |             232 |           74 |
| No           | No                    | Yes                    |               0 |            0 |
| No           | Yes                   | No                     |             100 |           39 |
| Yes          | No                    | No                     |             442 |           98 |
| Yes          | No                    | Yes                    |               0 |            0 |
| Yes          | Yes                   | No                     |              92 |           25 |
+--------------+-----------------------+------------------------+-----------------+--------------+


4. Detailed Control Set Information
-----------------------------------

+---------------------------------------------------------------+-------------------------------------------------------------------------------------------------------------------------------------------------------------------------+----------------------------------------------------------------------------------------------------------------------------------------------------------------+------------------+----------------+--------------+
|                          Clock Signal                         |                                                                              Enable Signal                                                                              |                                                                        Set/Reset Signal                                                                        | Slice Load Count | Bel Load Count | Bels / Slice |
+---------------------------------------------------------------+-------------------------------------------------------------------------------------------------------------------------------------------------------------------------+----------------------------------------------------------------------------------------------------------------------------------------------------------------+------------------+----------------+--------------+
|  Lab2_Block_Design_i/processing_system7_0/inst/FCLK_CLK0_BUFG | Lab2_Block_Design_i/ps7_0_axi_periph/s00_couplers/auto_pc/inst/gen_axilite.gen_b2s_conv.axilite_b2s/WR.aw_channel_0/aw_cmd_fsm_0/FSM_sequential_state_reg[0]_1          | Lab2_Block_Design_i/ps7_0_axi_periph/s00_couplers/auto_pc/inst/gen_axilite.gen_b2s_conv.axilite_b2s/WR.aw_channel_0/aw_cmd_fsm_0/FSM_sequential_state_reg[0]_0 |                1 |              1 |         1.00 |
|  Lab2_Block_Design_i/processing_system7_0/inst/FCLK_CLK0_BUFG | Lab2_Block_Design_i/ps7_0_axi_periph/s00_couplers/auto_pc/inst/gen_axilite.gen_b2s_conv.axilite_b2s/WR.b_channel_0/bid_fifo_0/sel                                       |                                                                                                                                                                |                1 |              2 |         2.00 |
|  Lab2_Block_Design_i/processing_system7_0/inst/FCLK_CLK0_BUFG |                                                                                                                                                                         | Lab2_Block_Design_i/ps7_0_axi_periph/s00_couplers/auto_pc/inst/gen_axilite.gen_b2s_conv.axilite_b2s/SI_REG/aw.aw_pipe/aresetn_d_reg[0]_0                       |                3 |              4 |         1.33 |
|  Lab2_Block_Design_i/processing_system7_0/inst/FCLK_CLK0_BUFG |                                                                                                                                                                         | Lab2_Block_Design_i/buttons/U0/AXI_LITE_IPIF_I/I_SLAVE_ATTACHMENT/clear                                                                                        |                1 |              4 |         4.00 |
|  Lab2_Block_Design_i/processing_system7_0/inst/FCLK_CLK0_BUFG | Lab2_Block_Design_i/ps7_0_axi_periph/s00_couplers/auto_pc/inst/gen_axilite.gen_b2s_conv.axilite_b2s/RD.ar_channel_0/ar_cmd_fsm_0/m_axi_arready_2                        | Lab2_Block_Design_i/ps7_0_axi_periph/s00_couplers/auto_pc/inst/gen_axilite.gen_b2s_conv.axilite_b2s/RD.ar_channel_0/ar_cmd_fsm_0/FSM_sequential_state_reg[1]_0 |                2 |              4 |         2.00 |
|  Lab2_Block_Design_i/processing_system7_0/inst/FCLK_CLK0_BUFG | Lab2_Block_Design_i/switches/U0/AXI_LITE_IPIF_I/I_SLAVE_ATTACHMENT/start2                                                                                               | Lab2_Block_Design_i/switches/U0/AXI_LITE_IPIF_I/I_SLAVE_ATTACHMENT/I_DECODER/cs_ce_clr                                                                         |                1 |              4 |         4.00 |
|  Lab2_Block_Design_i/processing_system7_0/inst/FCLK_CLK0_BUFG |                                                                                                                                                                         | Lab2_Block_Design_i/switches/U0/AXI_LITE_IPIF_I/I_SLAVE_ATTACHMENT/clear                                                                                       |                1 |              4 |         4.00 |
|  Lab2_Block_Design_i/processing_system7_0/inst/FCLK_CLK0_BUFG | Lab2_Block_Design_i/switches/U0/AXI_LITE_IPIF_I/I_SLAVE_ATTACHMENT/bus2ip_addr_i[8]_i_1_n_0                                                                             | Lab2_Block_Design_i/switches/U0/AXI_LITE_IPIF_I/I_SLAVE_ATTACHMENT/SR[0]                                                                                       |                1 |              4 |         4.00 |
|  Lab2_Block_Design_i/processing_system7_0/inst/FCLK_CLK0_BUFG | Lab2_Block_Design_i/buttons/U0/AXI_LITE_IPIF_I/I_SLAVE_ATTACHMENT/bus2ip_addr_i[8]_i_1_n_0                                                                              | Lab2_Block_Design_i/buttons/U0/AXI_LITE_IPIF_I/I_SLAVE_ATTACHMENT/SR[0]                                                                                        |                1 |              4 |         4.00 |
|  Lab2_Block_Design_i/processing_system7_0/inst/FCLK_CLK0_BUFG |                                                                                                                                                                         | Lab2_Block_Design_i/ps7_0_axi_periph/s00_couplers/auto_pc/inst/gen_axilite.gen_b2s_conv.axilite_b2s/SI_REG/ar.ar_pipe/aresetn_d_reg[1]_inv_0                   |                2 |              4 |         2.00 |
|  Lab2_Block_Design_i/processing_system7_0/inst/FCLK_CLK0_BUFG | Lab2_Block_Design_i/buttons/U0/AXI_LITE_IPIF_I/I_SLAVE_ATTACHMENT/start2                                                                                                | Lab2_Block_Design_i/buttons/U0/AXI_LITE_IPIF_I/I_SLAVE_ATTACHMENT/I_DECODER/cs_ce_clr                                                                          |                1 |              4 |         4.00 |
|  Lab2_Block_Design_i/processing_system7_0/inst/FCLK_CLK0_BUFG |                                                                                                                                                                         | Lab2_Block_Design_i/buttons/U0/AXI_LITE_IPIF_I/I_SLAVE_ATTACHMENT/I_DECODER/bus2ip_rnw_i_reg                                                                   |                2 |              5 |         2.50 |
|  Lab2_Block_Design_i/processing_system7_0/inst/FCLK_CLK0_BUFG |                                                                                                                                                                         | Lab2_Block_Design_i/rst_ps7_0_100M/U0/EXT_LPF/lpf_int                                                                                                          |                3 |              5 |         1.67 |
|  Lab2_Block_Design_i/processing_system7_0/inst/FCLK_CLK0_BUFG | Lab2_Block_Design_i/buttons/U0/AXI_LITE_IPIF_I/I_SLAVE_ATTACHMENT/I_DECODER/E[0]                                                                                        | Lab2_Block_Design_i/buttons/U0/AXI_LITE_IPIF_I/I_SLAVE_ATTACHMENT/SR[0]                                                                                        |                1 |              5 |         5.00 |
|  Lab2_Block_Design_i/processing_system7_0/inst/FCLK_CLK0_BUFG | Lab2_Block_Design_i/ps7_0_axi_periph/s00_couplers/auto_pc/inst/gen_axilite.gen_b2s_conv.axilite_b2s/RD.r_channel_0/transaction_fifo_0/cnt_read[4]_i_1_n_0               | Lab2_Block_Design_i/ps7_0_axi_periph/s00_couplers/auto_pc/inst/gen_axilite.gen_b2s_conv.axilite_b2s/areset_d1                                                  |                2 |              5 |         2.50 |
|  Lab2_Block_Design_i/processing_system7_0/inst/FCLK_CLK0_BUFG | Lab2_Block_Design_i/ps7_0_axi_periph/s00_couplers/auto_pc/inst/gen_axilite.gen_b2s_conv.axilite_b2s/RD.r_channel_0/rd_data_fifo_0/cnt_read[4]_i_1__0_n_0                | Lab2_Block_Design_i/ps7_0_axi_periph/s00_couplers/auto_pc/inst/gen_axilite.gen_b2s_conv.axilite_b2s/areset_d1                                                  |                1 |              5 |         5.00 |
|  Lab2_Block_Design_i/processing_system7_0/inst/FCLK_CLK0_BUFG | Lab2_Block_Design_i/rst_ps7_0_100M/U0/SEQ/seq_cnt_en                                                                                                                    | Lab2_Block_Design_i/rst_ps7_0_100M/U0/SEQ/SEQ_COUNTER/clear                                                                                                    |                1 |              6 |         6.00 |
|  Lab2_Block_Design_i/processing_system7_0/inst/FCLK_CLK0_BUFG | Lab2_Block_Design_i/buttons/U0/AXI_LITE_IPIF_I/I_SLAVE_ATTACHMENT/s_axi_rresp_i                                                                                         | Lab2_Block_Design_i/buttons/U0/AXI_LITE_IPIF_I/I_SLAVE_ATTACHMENT/SR[0]                                                                                        |                1 |              6 |         6.00 |
|  Lab2_Block_Design_i/processing_system7_0/inst/FCLK_CLK0_BUFG |                                                                                                                                                                         | Lab2_Block_Design_i/switches/U0/AXI_LITE_IPIF_I/I_SLAVE_ATTACHMENT/I_DECODER/bus2ip_rnw_i_reg                                                                  |                2 |              8 |         4.00 |
|  Lab2_Block_Design_i/processing_system7_0/inst/FCLK_CLK0_BUFG | Lab2_Block_Design_i/ps7_0_axi_periph/s00_couplers/auto_pc/inst/gen_axilite.gen_b2s_conv.axilite_b2s/WR.b_channel_0/mhandshake_r                                         | Lab2_Block_Design_i/ps7_0_axi_periph/s00_couplers/auto_pc/inst/gen_axilite.gen_b2s_conv.axilite_b2s/WR.b_channel_0/bid_fifo_0/SR[0]                            |                2 |              8 |         4.00 |
|  Lab2_Block_Design_i/processing_system7_0/inst/FCLK_CLK0_BUFG | Lab2_Block_Design_i/switches/U0/AXI_LITE_IPIF_I/I_SLAVE_ATTACHMENT/I_DECODER/E[0]                                                                                       | Lab2_Block_Design_i/switches/U0/AXI_LITE_IPIF_I/I_SLAVE_ATTACHMENT/SR[0]                                                                                       |                2 |              8 |         4.00 |
|  Lab2_Block_Design_i/processing_system7_0/inst/FCLK_CLK0_BUFG | Lab2_Block_Design_i/switches/U0/AXI_LITE_IPIF_I/I_SLAVE_ATTACHMENT/s_axi_rresp_i                                                                                        | Lab2_Block_Design_i/switches/U0/AXI_LITE_IPIF_I/I_SLAVE_ATTACHMENT/SR[0]                                                                                       |                2 |              9 |         4.50 |
|  Lab2_Block_Design_i/processing_system7_0/inst/FCLK_CLK0_BUFG |                                                                                                                                                                         | Lab2_Block_Design_i/ps7_0_axi_periph/s00_couplers/auto_pc/inst/gen_axilite.gen_b2s_conv.axilite_b2s/areset_d1                                                  |                6 |             10 |         1.67 |
|  Lab2_Block_Design_i/processing_system7_0/inst/FCLK_CLK0_BUFG |                                                                                                                                                                         | Lab2_Block_Design_i/ps7_0_axi_periph/xbar/inst/gen_sasd.crossbar_sasd_0/addr_arbiter_inst/SR[0]                                                                |                5 |             11 |         2.20 |
|  Lab2_Block_Design_i/processing_system7_0/inst/FCLK_CLK0_BUFG | Lab2_Block_Design_i/ps7_0_axi_periph/s00_couplers/auto_pc/inst/gen_axilite.gen_b2s_conv.axilite_b2s/WR.aw_channel_0/cmd_translator_0/incr_cmd_0/axaddr_incr[11]_i_1_n_0 |                                                                                                                                                                |                2 |             12 |         6.00 |
|  Lab2_Block_Design_i/processing_system7_0/inst/FCLK_CLK0_BUFG | Lab2_Block_Design_i/ps7_0_axi_periph/s00_couplers/auto_pc/inst/gen_axilite.gen_b2s_conv.axilite_b2s/RD.ar_channel_0/ar_cmd_fsm_0/sel_first_reg[0]                       |                                                                                                                                                                |                2 |             12 |         6.00 |
|  Lab2_Block_Design_i/processing_system7_0/inst/FCLK_CLK0_BUFG | Lab2_Block_Design_i/ps7_0_axi_periph/s00_couplers/auto_pc/inst/gen_axilite.gen_b2s_conv.axilite_b2s/WR.aw_channel_0/aw_cmd_fsm_0/m_valid_i_reg[0]                       |                                                                                                                                                                |                4 |             12 |         3.00 |
|  Lab2_Block_Design_i/processing_system7_0/inst/FCLK_CLK0_BUFG | Lab2_Block_Design_i/ps7_0_axi_periph/s00_couplers/auto_pc/inst/gen_axilite.gen_b2s_conv.axilite_b2s/RD.ar_channel_0/ar_cmd_fsm_0/E[0]                                   |                                                                                                                                                                |                6 |             12 |         2.00 |
|  Lab2_Block_Design_i/processing_system7_0/inst/FCLK_CLK0_BUFG | Lab2_Block_Design_i/ps7_0_axi_periph/s00_couplers/auto_pc/inst/gen_axilite.gen_b2s_conv.axilite_b2s/RD.r_channel_0/r_push_r                                             |                                                                                                                                                                |                4 |             13 |         3.25 |
|  Lab2_Block_Design_i/processing_system7_0/inst/FCLK_CLK0_BUFG | Lab2_Block_Design_i/ps7_0_axi_periph/s00_couplers/auto_pc/inst/gen_axilite.gen_b2s_conv.axilite_b2s/SI_REG/b.b_pipe/s_ready_i_reg_0                                     |                                                                                                                                                                |                2 |             14 |         7.00 |
|  Lab2_Block_Design_i/processing_system7_0/inst/FCLK_CLK0_BUFG | Lab2_Block_Design_i/ps7_0_axi_periph/s00_couplers/auto_pc/inst/gen_axilite.gen_b2s_conv.axilite_b2s/SI_REG/b.b_pipe/p_1_in                                              |                                                                                                                                                                |                2 |             14 |         7.00 |
|  Lab2_Block_Design_i/processing_system7_0/inst/FCLK_CLK0_BUFG | Lab2_Block_Design_i/ps7_0_axi_periph/s00_couplers/auto_pc/inst/gen_axilite.gen_b2s_conv.axilite_b2s/WR.aw_channel_0/aw_cmd_fsm_0/m_axi_awready_0                        |                                                                                                                                                                |                3 |             16 |         5.33 |
|  Lab2_Block_Design_i/processing_system7_0/inst/FCLK_CLK0_BUFG | Lab2_Block_Design_i/ps7_0_axi_periph/xbar/inst/gen_sasd.crossbar_sasd_0/addr_arbiter_inst/p_0_in1_in                                                                    | Lab2_Block_Design_i/ps7_0_axi_periph/xbar/inst/gen_sasd.crossbar_sasd_0/addr_arbiter_inst/SR[0]                                                                |                6 |             19 |         3.17 |
|  Lab2_Block_Design_i/processing_system7_0/inst/FCLK_CLK0_BUFG |                                                                                                                                                                         | Lab2_Block_Design_i/buttons/U0/AXI_LITE_IPIF_I/I_SLAVE_ATTACHMENT/SR[0]                                                                                        |                7 |             21 |         3.00 |
|  Lab2_Block_Design_i/processing_system7_0/inst/FCLK_CLK0_BUFG | Lab2_Block_Design_i/ps7_0_axi_periph/s00_couplers/auto_pc/inst/gen_axilite.gen_b2s_conv.axilite_b2s/RD.ar_channel_0/ar_cmd_fsm_0/m_axi_arready_2                        |                                                                                                                                                                |                6 |             21 |         3.50 |
|  Lab2_Block_Design_i/processing_system7_0/inst/FCLK_CLK0_BUFG |                                                                                                                                                                         | Lab2_Block_Design_i/switches/U0/AXI_LITE_IPIF_I/I_SLAVE_ATTACHMENT/SR[0]                                                                                       |                7 |             24 |         3.43 |
|  Lab2_Block_Design_i/processing_system7_0/inst/FCLK_CLK0_BUFG | Lab2_Block_Design_i/ps7_0_axi_periph/s00_couplers/auto_pc/inst/gen_axilite.gen_b2s_conv.axilite_b2s/WR.aw_channel_0/aw_cmd_fsm_0/FSM_sequential_state_reg[0]_1          |                                                                                                                                                                |                9 |             24 |         2.67 |
|  Lab2_Block_Design_i/processing_system7_0/inst/FCLK_CLK0_BUFG | Lab2_Block_Design_i/ps7_0_axi_periph/s00_couplers/auto_pc/inst/gen_axilite.gen_b2s_conv.axilite_b2s/RD.r_channel_0/rd_data_fifo_0/wr_en0                                |                                                                                                                                                                |                9 |             34 |         3.78 |
|  Lab2_Block_Design_i/processing_system7_0/inst/FCLK_CLK0_BUFG | Lab2_Block_Design_i/ps7_0_axi_periph/xbar/inst/gen_sasd.crossbar_sasd_0/addr_arbiter_inst/E[0]                                                                          |                                                                                                                                                                |                8 |             35 |         4.38 |
|  Lab2_Block_Design_i/processing_system7_0/inst/FCLK_CLK0_BUFG | Lab2_Block_Design_i/ps7_0_axi_periph/s00_couplers/auto_pc/inst/gen_axilite.gen_b2s_conv.axilite_b2s/SI_REG/r.r_pipe/p_1_in                                              |                                                                                                                                                                |                7 |             47 |         6.71 |
|  Lab2_Block_Design_i/processing_system7_0/inst/FCLK_CLK0_BUFG | Lab2_Block_Design_i/ps7_0_axi_periph/s00_couplers/auto_pc/inst/gen_axilite.gen_b2s_conv.axilite_b2s/SI_REG/r.r_pipe/s_ready_i_reg_0                                     |                                                                                                                                                                |                7 |             47 |         6.71 |
|  Lab2_Block_Design_i/processing_system7_0/inst/FCLK_CLK0_BUFG | Lab2_Block_Design_i/ps7_0_axi_periph/s00_couplers/auto_pc/inst/gen_axilite.gen_b2s_conv.axilite_b2s/WR.aw_channel_0/aw_cmd_fsm_0/E[0]                                   |                                                                                                                                                                |               10 |             48 |         4.80 |
|  Lab2_Block_Design_i/processing_system7_0/inst/FCLK_CLK0_BUFG | Lab2_Block_Design_i/ps7_0_axi_periph/s00_couplers/auto_pc/inst/gen_axilite.gen_b2s_conv.axilite_b2s/SI_REG/ar.ar_pipe/s_ready_i_reg_0                                   |                                                                                                                                                                |               13 |             48 |         3.69 |
|  Lab2_Block_Design_i/processing_system7_0/inst/FCLK_CLK0_BUFG | Lab2_Block_Design_i/ps7_0_axi_periph/s00_couplers/auto_pc/inst/gen_axilite.gen_b2s_conv.axilite_b2s/SI_REG/aw.aw_pipe/s_ready_i_reg_0                                   |                                                                                                                                                                |               10 |             48 |         4.80 |
|  Lab2_Block_Design_i/processing_system7_0/inst/FCLK_CLK0_BUFG | Lab2_Block_Design_i/ps7_0_axi_periph/s00_couplers/auto_pc/inst/gen_axilite.gen_b2s_conv.axilite_b2s/RD.ar_channel_0/ar_cmd_fsm_0/m_valid_i_reg[0]                       |                                                                                                                                                                |               10 |             48 |         4.80 |
|  Lab2_Block_Design_i/processing_system7_0/inst/FCLK_CLK0_BUFG |                                                                                                                                                                         |                                                                                                                                                                |               75 |            233 |         3.11 |
+---------------------------------------------------------------+-------------------------------------------------------------------------------------------------------------------------------------------------------------------------+----------------------------------------------------------------------------------------------------------------------------------------------------------------+------------------+----------------+--------------+


